This file contains any messages produced by compilers while
running configure, to aid debugging if configure makes a mistake.

It was created by quilt configure 0.65, which was
generated by GNU Autoconf 2.69.  Invocation command line was

  $ ./configure --build=x86_64-linux --host=x86_64-linux --target=x86_64-linux --prefix=/home/roly/openbmc1/build/tmp/work/x86_64-linux/quilt-native/0.65-r0/recipe-sysroot-native/usr --exec_prefix=/home/roly/openbmc1/build/tmp/work/x86_64-linux/quilt-native/0.65-r0/recipe-sysroot-native/usr --bindir=/home/roly/openbmc1/build/tmp/work/x86_64-linux/quilt-native/0.65-r0/recipe-sysroot-native/usr/bin --sbindir=/home/roly/openbmc1/build/tmp/work/x86_64-linux/quilt-native/0.65-r0/recipe-sysroot-native/usr/sbin --libexecdir=/home/roly/openbmc1/build/tmp/work/x86_64-linux/quilt-native/0.65-r0/recipe-sysroot-native/usr/libexec --datadir=/home/roly/openbmc1/build/tmp/work/x86_64-linux/quilt-native/0.65-r0/recipe-sysroot-native/usr/share --sysconfdir=/home/roly/openbmc1/build/tmp/work/x86_64-linux/quilt-native/0.65-r0/recipe-sysroot-native/etc --sharedstatedir=/home/roly/openbmc1/build/tmp/work/x86_64-linux/quilt-native/0.65-r0/recipe-sysroot-native/com --localstatedir=/home/roly/openbmc1/build/tmp/work/x86_64-linux/quilt-native/0.65-r0/recipe-sysroot-native/var --libdir=/home/roly/openbmc1/build/tmp/work/x86_64-linux/quilt-native/0.65-r0/recipe-sysroot-native/usr/lib --includedir=/home/roly/openbmc1/build/tmp/work/x86_64-linux/quilt-native/0.65-r0/recipe-sysroot-native/usr/include --oldincludedir=/home/roly/openbmc1/build/tmp/work/x86_64-linux/quilt-native/0.65-r0/recipe-sysroot-native/usr/include --infodir=/home/roly/openbmc1/build/tmp/work/x86_64-linux/quilt-native/0.65-r0/recipe-sysroot-native/usr/share/info --mandir=/home/roly/openbmc1/build/tmp/work/x86_64-linux/quilt-native/0.65-r0/recipe-sysroot-native/usr/share/man --disable-silent-rules --disable-dependency-tracking --with-perl=/usr/bin/env perl --with-patch=patch --disable-static --disable-nls

## --------- ##
## Platform. ##
## --------- ##

hostname = roly-System-Product-Name
uname -m = x86_64
uname -r = 4.15.0-45-generic
uname -s = Linux
uname -v = #48~16.04.1-Ubuntu SMP Tue Jan 29 18:03:48 UTC 2019

/usr/bin/uname -p = unknown
/bin/uname -X     = unknown

/bin/arch              = unknown
/usr/bin/arch -k       = unknown
/usr/convex/getsysinfo = unknown
/usr/bin/hostinfo      = unknown
/bin/machine           = unknown
/usr/bin/oslevel       = unknown
/bin/universe          = unknown

PATH: /home/roly/openbmc1/scripts/native-intercept
PATH: /home/roly/openbmc1/scripts
PATH: /home/roly/openbmc1/build/tmp/work/x86_64-linux/quilt-native/0.65-r0/recipe-sysroot-native/usr/bin/x86_64-linux
PATH: /home/roly/openbmc1/build/tmp/work/x86_64-linux/quilt-native/0.65-r0/recipe-sysroot-native/usr/bin
PATH: /home/roly/openbmc1/build/tmp/work/x86_64-linux/quilt-native/0.65-r0/recipe-sysroot-native/usr/sbin
PATH: /home/roly/openbmc1/build/tmp/work/x86_64-linux/quilt-native/0.65-r0/recipe-sysroot-native/usr/bin
PATH: /home/roly/openbmc1/build/tmp/work/x86_64-linux/quilt-native/0.65-r0/recipe-sysroot-native/sbin
PATH: /home/roly/openbmc1/build/tmp/work/x86_64-linux/quilt-native/0.65-r0/recipe-sysroot-native/bin
PATH: /home/roly/openbmc1/bitbake/bin
PATH: /home/roly/openbmc1/build/tmp/hosttools


## ----------- ##
## Core tests. ##
## ----------- ##

configure:1815: checking for a BSD-compatible install
configure:1883: result: /home/roly/openbmc1/build/tmp/hosttools/install -c
configure:1895: checking whether #! works in shell scripts
configure:1912: result: yes
configure:1964: checking for bash
configure:1995: result: /bin/bash
configure:2030: checking whether /bin/bash quoting works
configure:2033: result: yes
configure:2080: checking for gcp
configure:2114: result: no
configure:2080: checking for cp
configure:2099: found /home/roly/openbmc1/build/tmp/hosttools/cp
configure:2111: result: /home/roly/openbmc1/build/tmp/hosttools/cp
configure:2172: checking for gdate
configure:2206: result: no
configure:2172: checking for date
configure:2191: found /home/roly/openbmc1/build/tmp/hosttools/date
configure:2203: result: /home/roly/openbmc1/build/tmp/hosttools/date
configure:2235: checking whether /home/roly/openbmc1/build/tmp/hosttools/date --rfc-822 works
configure:2238: result: yes
configure:2261: checking for perl
configure:2269: result: /usr/bin/env perl
configure:2272: WARNING: /usr/bin/env perl does not exist
configure:2375: checking for grep
configure:2394: found /home/roly/openbmc1/build/tmp/hosttools/grep
configure:2406: result: /home/roly/openbmc1/build/tmp/hosttools/grep
configure:2427: checking whether /home/roly/openbmc1/build/tmp/hosttools/grep -q works
configure:2430: result: yes
configure:2442: checking whether /home/roly/openbmc1/build/tmp/hosttools/grep understands (foo|bar)
configure:2445: result: yes
configure:2491: checking for tail
configure:2510: found /home/roly/openbmc1/build/tmp/hosttools/tail
configure:2522: result: /home/roly/openbmc1/build/tmp/hosttools/tail
configure:2544: checking whether /home/roly/openbmc1/build/tmp/hosttools/tail -n works
configure:2547: result: yes
configure:2593: checking for tr
configure:2612: found /home/roly/openbmc1/build/tmp/hosttools/tr
configure:2624: result: /home/roly/openbmc1/build/tmp/hosttools/tr
configure:2645: checking whether /home/roly/openbmc1/build/tmp/hosttools/tr understands a-z 
configure:2648: result: yes
configure:2695: checking for stat
configure:2714: found /home/roly/openbmc1/build/tmp/hosttools/stat
configure:2726: result: /home/roly/openbmc1/build/tmp/hosttools/stat
configure:2747: checking whether /home/roly/openbmc1/build/tmp/hosttools/stat -c '%h' works
configure:2750: result: yes
configure:2807: checking for sed
configure:2826: found /home/roly/openbmc1/build/tmp/hosttools/sed
configure:2838: result: /home/roly/openbmc1/build/tmp/hosttools/sed
configure:2859: checking whether /home/roly/openbmc1/build/tmp/hosttools/sed understands (foo|bar)
configure:2862: result: yes
configure:2910: checking for gawk
configure:2929: found /home/roly/openbmc1/build/tmp/hosttools/gawk
configure:2941: result: /home/roly/openbmc1/build/tmp/hosttools/gawk
configure:2968: checking whether /home/roly/openbmc1/build/tmp/hosttools/gawk supports sub
configure:2971: result: yes
configure:2998: checking for pod2man
configure:3016: found /home/roly/openbmc1/build/tmp/hosttools/pod2man
configure:3028: result: /home/roly/openbmc1/build/tmp/hosttools/pod2man
configure:3075: checking for column
configure:3109: result: no
configure:3121: WARNING: Using internal column mechanism.  Use option '--with-column' to override
configure:3163: checking for getopt
configure:3182: found /home/roly/openbmc1/build/tmp/hosttools/getopt
configure:3194: result: /home/roly/openbmc1/build/tmp/hosttools/getopt
configure:3220: checking for getopt --long syntax
configure:3227: result: yes
configure:3274: checking for mktemp
configure:3293: found /home/roly/openbmc1/build/tmp/hosttools/mktemp
configure:3305: result: /home/roly/openbmc1/build/tmp/hosttools/mktemp
configure:3330: checking whether /home/roly/openbmc1/build/tmp/hosttools/mktemp -d works
configure:3334: result: yes
configure:3381: checking for diff
configure:3400: found /home/roly/openbmc1/build/tmp/hosttools/diff
configure:3412: result: /home/roly/openbmc1/build/tmp/hosttools/diff
configure:3443: checking for patch
configure:3451: result: patch
configure:3454: WARNING: patch does not exist
configure:3518: checking the version of /home/roly/openbmc1/build/tmp/hosttools/diff
configure:3523: result: 3.3
configure:3546: checking the version of patch
configure:3555: result: 2.7.5
configure:3609: checking for find
configure:3628: found /home/roly/openbmc1/build/tmp/hosttools/find
configure:3640: result: /home/roly/openbmc1/build/tmp/hosttools/find
configure:3661: checking whether /home/roly/openbmc1/build/tmp/hosttools/find -path works
configure:3664: result: yes
configure:3677: checking whether /home/roly/openbmc1/build/tmp/hosttools/find -print0 works
configure:3680: result: yes
configure:3726: checking for xargs
configure:3745: found /home/roly/openbmc1/build/tmp/hosttools/xargs
configure:3757: result: /home/roly/openbmc1/build/tmp/hosttools/xargs
configure:3778: checking whether /home/roly/openbmc1/build/tmp/hosttools/xargs -0 works
configure:3781: result: yes
configure:3822: checking for diffstat
configure:3841: found /home/roly/openbmc1/build/tmp/hosttools/diffstat
configure:3853: result: /home/roly/openbmc1/build/tmp/hosttools/diffstat
configure:3881: checking for diffstat version
configure:3900: result: 1.61
configure:3949: checking for sendmail
configure:3983: result: no
configure:4006: WARNING: Using internal sendmail mechanism.  Use option '--with-sendmail' to override
configure:4051: checking for gmd5sum
configure:4085: result: no
configure:4051: checking for md5sum
configure:4070: found /home/roly/openbmc1/build/tmp/hosttools/md5sum
configure:4082: result: /home/roly/openbmc1/build/tmp/hosttools/md5sum
configure:4111: checking for msgmerge
configure:4144: result: no
configure:4151: checking for msgfmt
configure:4184: result: no
configure:4191: checking for xgettext
configure:4224: result: no
configure:4231: checking for msguniq
configure:4264: result: no
configure:4271: checking for msgcat
configure:4304: result: no
configure:4346: Building without natural language support
configure:4383: checking for rpmbuild
configure:4417: result: no
configure:4383: checking for rpm
configure:4417: result: no
configure:4431: WARNING: rpmbuild not found, some optional functionalities will be missing
configure:4598: creating ./config.status

## ---------------------- ##
## Running config.status. ##
## ---------------------- ##

This file was extended by quilt config.status 0.65, which was
generated by GNU Autoconf 2.69.  Invocation command line was

  CONFIG_FILES    = 
  CONFIG_HEADERS  = 
  CONFIG_LINKS    = 
  CONFIG_COMMANDS = 
  $ ./config.status 

on roly-System-Product-Name

config.status:749: creating Makefile
configure:5605: WARNING: unrecognized options: --disable-silent-rules, --disable-dependency-tracking, --disable-static
configure:5610: result: 
configure:5612: result: quilt version 0.65 configured.
configure:5614: result: 
configure:5616: result: Using '/home/roly/openbmc1/build/tmp/work/x86_64-linux/quilt-native/0.65-r0/recipe-sysroot-native/usr' for installation prefix.
configure:5619: result: 
configure:5621: result: Report bugs to quilt-dev@nongnu.org

## ---------------- ##
## Cache variables. ##
## ---------------- ##

ac_cv_env_build_alias_set=set
ac_cv_env_build_alias_value=x86_64-linux
ac_cv_env_host_alias_set=set
ac_cv_env_host_alias_value=x86_64-linux
ac_cv_env_target_alias_set=set
ac_cv_env_target_alias_value=x86_64-linux
ac_cv_path_AWK=/home/roly/openbmc1/build/tmp/hosttools/gawk
ac_cv_path_BASH=/bin/bash
ac_cv_path_CP=/home/roly/openbmc1/build/tmp/hosttools/cp
ac_cv_path_DATE=/home/roly/openbmc1/build/tmp/hosttools/date
ac_cv_path_DIFF=/home/roly/openbmc1/build/tmp/hosttools/diff
ac_cv_path_DIFFSTAT=/home/roly/openbmc1/build/tmp/hosttools/diffstat
ac_cv_path_FIND=/home/roly/openbmc1/build/tmp/hosttools/find
ac_cv_path_GETOPT=/home/roly/openbmc1/build/tmp/hosttools/getopt
ac_cv_path_GREP=/home/roly/openbmc1/build/tmp/hosttools/grep
ac_cv_path_MD5SUM=/home/roly/openbmc1/build/tmp/hosttools/md5sum
ac_cv_path_MKTEMP=/home/roly/openbmc1/build/tmp/hosttools/mktemp
ac_cv_path_POD2MAN=/home/roly/openbmc1/build/tmp/hosttools/pod2man
ac_cv_path_SED=/home/roly/openbmc1/build/tmp/hosttools/sed
ac_cv_path_STAT=/home/roly/openbmc1/build/tmp/hosttools/stat
ac_cv_path_TAIL=/home/roly/openbmc1/build/tmp/hosttools/tail
ac_cv_path_TR=/home/roly/openbmc1/build/tmp/hosttools/tr
ac_cv_path_XARGS=/home/roly/openbmc1/build/tmp/hosttools/xargs
ac_cv_path_install='/home/roly/openbmc1/build/tmp/hosttools/install -c'
ac_cv_sys_interpreter=yes
lt_cv_sys_lib_dlsearch_path_spec='/home/roly/openbmc1/build/tmp/work/x86_64-linux/quilt-native/0.65-r0/recipe-sysroot-native/usr/lib /home/roly/openbmc1/build/tmp/work/x86_64-linux/quilt-native/0.65-r0/recipe-sysroot-native/usr/lib /lib /lib64 /usr/lib /usr/lib64'

## ----------------- ##
## Output variables. ##
## ----------------- ##

AWK='/home/roly/openbmc1/build/tmp/hosttools/gawk'
BASH='/bin/bash'
COLUMN='column'
COMPAT_PROGRAMS=' column sendmail'
COMPAT_SYMLINKS=' perl awk patch'
CP='/home/roly/openbmc1/build/tmp/hosttools/cp'
DATE='/home/roly/openbmc1/build/tmp/hosttools/date'
DEFS='-DPACKAGE_NAME=\"quilt\" -DPACKAGE_TARNAME=\"quilt\" -DPACKAGE_VERSION=\"0.65\" -DPACKAGE_STRING=\"quilt\ 0.65\" -DPACKAGE_BUGREPORT=\"quilt-dev@nongnu.org\" -DPACKAGE_URL=\"\"'
DIFF='/home/roly/openbmc1/build/tmp/hosttools/diff'
DIFFSTAT='/home/roly/openbmc1/build/tmp/hosttools/diffstat'
ECHO_C=''
ECHO_N='-n'
ECHO_T=''
FIND='/home/roly/openbmc1/build/tmp/hosttools/find'
GETOPT='/home/roly/openbmc1/build/tmp/hosttools/getopt'
GREP='/home/roly/openbmc1/build/tmp/hosttools/grep'
INSTALL_DATA='${INSTALL} -m 644'
INSTALL_PROGRAM='${INSTALL}'
INSTALL_SCRIPT='${INSTALL}'
LIBOBJS=''
LIBS=''
LTLIBOBJS=''
MD5SUM='/home/roly/openbmc1/build/tmp/hosttools/md5sum'
MKTEMP='/home/roly/openbmc1/build/tmp/hosttools/mktemp'
MSGCAT=''
MSGFMT=''
MSGMERGE=''
MSGUNIQ=''
PACKAGE_BUGREPORT='quilt-dev@nongnu.org'
PACKAGE_NAME='quilt'
PACKAGE_RELEASE='1'
PACKAGE_STRING='quilt 0.65'
PACKAGE_TARNAME='quilt'
PACKAGE_URL=''
PACKAGE_VERSION='0.65'
PATCH='patch'
PATCH_WRAPPER=''
PATH_SEPARATOR=':'
PERL='/usr/bin/env perl'
POD2MAN='/home/roly/openbmc1/build/tmp/hosttools/pod2man'
RPMBUILD='rpmbuild'
SED='/home/roly/openbmc1/build/tmp/hosttools/sed'
SENDMAIL='sendmail'
SHELL='/bin/sh'
STAT='/home/roly/openbmc1/build/tmp/hosttools/stat'
STAT_HARDLINK='-c '\''%h'\'''
TAIL='/home/roly/openbmc1/build/tmp/hosttools/tail'
TR='/home/roly/openbmc1/build/tmp/hosttools/tr'
USE_NLS='no'
XARGS='/home/roly/openbmc1/build/tmp/hosttools/xargs'
XGETTEXT=''
bindir='/home/roly/openbmc1/build/tmp/work/x86_64-linux/quilt-native/0.65-r0/recipe-sysroot-native/usr/bin'
build_alias='x86_64-linux'
datadir='/home/roly/openbmc1/build/tmp/work/x86_64-linux/quilt-native/0.65-r0/recipe-sysroot-native/usr/share'
datarootdir='${prefix}/share'
docdir='${datarootdir}/doc/${PACKAGE_TARNAME}'
dvidir='${docdir}'
exec_prefix='/home/roly/openbmc1/build/tmp/work/x86_64-linux/quilt-native/0.65-r0/recipe-sysroot-native/usr'
host_alias='x86_64-linux'
htmldir='${docdir}'
includedir='/home/roly/openbmc1/build/tmp/work/x86_64-linux/quilt-native/0.65-r0/recipe-sysroot-native/usr/include'
infodir='/home/roly/openbmc1/build/tmp/work/x86_64-linux/quilt-native/0.65-r0/recipe-sysroot-native/usr/share/info'
libdir='/home/roly/openbmc1/build/tmp/work/x86_64-linux/quilt-native/0.65-r0/recipe-sysroot-native/usr/lib'
libexecdir='/home/roly/openbmc1/build/tmp/work/x86_64-linux/quilt-native/0.65-r0/recipe-sysroot-native/usr/libexec'
localedir='${datarootdir}/locale'
localstatedir='/home/roly/openbmc1/build/tmp/work/x86_64-linux/quilt-native/0.65-r0/recipe-sysroot-native/var'
mandir='/home/roly/openbmc1/build/tmp/work/x86_64-linux/quilt-native/0.65-r0/recipe-sysroot-native/usr/share/man'
oldincludedir='/home/roly/openbmc1/build/tmp/work/x86_64-linux/quilt-native/0.65-r0/recipe-sysroot-native/usr/include'
pdfdir='${docdir}'
prefix='/home/roly/openbmc1/build/tmp/work/x86_64-linux/quilt-native/0.65-r0/recipe-sysroot-native/usr'
program_transform_name='s,x,x,'
psdir='${docdir}'
sbindir='/home/roly/openbmc1/build/tmp/work/x86_64-linux/quilt-native/0.65-r0/recipe-sysroot-native/usr/sbin'
sharedstatedir='/home/roly/openbmc1/build/tmp/work/x86_64-linux/quilt-native/0.65-r0/recipe-sysroot-native/com'
sysconfdir='/home/roly/openbmc1/build/tmp/work/x86_64-linux/quilt-native/0.65-r0/recipe-sysroot-native/etc'
target_alias='x86_64-linux'

## ----------- ##
## confdefs.h. ##
## ----------- ##

/* confdefs.h */
#define PACKAGE_NAME "quilt"
#define PACKAGE_TARNAME "quilt"
#define PACKAGE_VERSION "0.65"
#define PACKAGE_STRING "quilt 0.65"
#define PACKAGE_BUGREPORT "quilt-dev@nongnu.org"
#define PACKAGE_URL ""

configure: exit 0
