1550047555
/dev/sda8: 5963104256
/dev/sda10: 104930967552

1550047556
/dev/sda8: 5963104256
/dev/sda10: 104931028992

1550047557
/dev/sda8: 5963104256
/dev/sda10: 104931094528

1550047558
/dev/sda8: 5963104256
/dev/sda10: 104931356672

1550047559
/dev/sda8: 5963104256
/dev/sda10: 104931606528

1550047560
/dev/sda8: 5963104256
/dev/sda10: 104931745792

1550047561
/dev/sda8: 5963104256
/dev/sda10: 104931999744

1550047562
/dev/sda8: 5963104256
/dev/sda10: 104932171776

1550047563
/dev/sda8: 5963104256
/dev/sda10: 104932356096

1550047564
/dev/sda8: 5963104256
/dev/sda10: 104932605952

1550047565
/dev/sda8: 5963104256
/dev/sda10: 104932855808

1550047566
/dev/sda8: 5963104256
/dev/sda10: 104934580224

1550047567
/dev/sda8: 5963104256
/dev/sda10: 104935002112

1550047568
/dev/sda8: 5963104256
/dev/sda10: 104936288256

1550047569
/dev/sda8: 5963104256
/dev/sda10: 104937750528

