1550047556
0.11754385964912281 0.04035087719298246 0.028070175438596492

1550047556
0.0 0.0 0.0

1550047557
0.005025125628140704 0.005025125628140704 0.0

1550047557
0.0 0.0 0.0

1550047558
0.015037593984962405 0.010025062656641603 0.0

1550047558
0.0 0.0 0.0

1550047559
0.012531328320802004 0.005012531328320802 0.0

1550047559
1.0 0.0 0.0

1550047560
0.007556675062972292 0.0025188916876574307 0.0

1550047560
0.0 0.5 0.5

1550047561
0.0025252525252525255 0.005050505050505051 0.005050505050505051

1550047561
0.0 0.0 0.0

1550047562
0.010050251256281407 0.0 0.0

1550047562
0.0 0.0 0.0

1550047563
0.007518796992481203 0.005012531328320802 0.0

1550047563
0.0 0.0 0.0

1550047564
0.01256281407035176 0.007537688442211055 0.005025125628140704

1550047564
0.0 0.0 0.0

1550047565
0.012531328320802004 0.007518796992481203 0.0

1550047565
0.0 0.0 0.0

1550047566
0.017964071856287425 0.0 0.0029940119760479044

1550047566
0.1956521739130435 0.13043478260869565 0.021739130434782608

1550047566
0.2857142857142857 0.0 0.0

1550047566
0.0 0.0 0.0

1550047566
0.13333333333333333 0.13333333333333333 0.0

1550047566
0.23333333333333334 0.06666666666666667 0.0

1550047567
0.13202247191011235 0.14325842696629212 0.019662921348314606

1550047567
0.0 0.0 0.0

1550047567
0.175 0.1 0.0

1550047568
0.17446808510638298 0.1276595744680851 0.11063829787234042

1550047568
0.2247191011235955 0.06741573033707865 0.0

1550047568
0.24242424242424243 0.030303030303030304 0.0

1550047568
0.0 0.0 0.0

1550047569
0.17757009345794392 0.34579439252336447 0.018691588785046728

1550047569
0.16129032258064516 0.0967741935483871 0.0

1550047569
0.24242424242424243 0.030303030303030304 0.0

1550047569
0.21212121212121213 0.09090909090909091 0.0

1550047569
0.21739130434782608 0.043478260869565216 0.0

1550047569
0.22105263157894736 0.14736842105263157 0.0

1550047569
0.21153846153846154 0.038461538461538464 0.0

1550047569
0.0 0.0 0.0

1550047571
0.1891156462585034 0.03945578231292517 0.0

