1550047555
36384.205159960926 301988.9028276757 1.0

1550047556
0.0 0.0 0.0

1550047556
0.0 0.0 0.0

1550047557
0.0 0.0 0.0

1550047557
0.0 0.0 0.0

1550047558
0.0 0.0 0.0

1550047558
0.0 0.0 0.0

1550047559
0.0 0.0 0.0

1550047559
0.0 2803.984390966931 0.4005691987095616

1550047560
0.0 0.0 0.0

1550047560
0.0 4406.054997684158 1.0

1550047561
0.0 0.0 0.0

1550047561
0.0 0.0 0.0

1550047562
0.0 0.0 0.0

1550047562
0.0 0.0 0.0

1550047563
0.0 0.0 0.0

1550047563
1602.5323831165545 0.0 1.0

1550047564
0.0 0.0 0.0

1550047564
0.0 0.0 0.0

1550047565
0.0 0.0 0.0

1550047565
478.6115565358863 478.6115565358863 1.0

1550047566
0.0 204432.0259830605 1.0

1550047566
0.0 7286.458315237218 1.0

1550047566
0.0 0.0 0.0

1550047566
10087.189908731256 10087.189908731256 1.0

1550047566
0.0 0.0 0.0

1550047566
45066.08595727466 35151.54704667424 1.0

1550047567
0.0 0.0 0.0

1550047567
0.0 15684.9549496909 0.0

1550047567
95331.43602090399 0.0 1.0

1550047568
0.0 0.0 0.0

1550047568
0.0 0.0 0.0

1550047568
0.0 0.0 0.0

1550047568
74668.21427903842 44800.928567423056 1.0

1550047569
0.0 80620.20584869791 1.0

1550047569
0.0 0.0 0.0

1550047569
0.0 0.0 0.0

1550047569
0.0 0.0 0.0

1550047569
0.0 1692.2359073775774 0.0

1550047569
0.0 0.0 0.0

1550047569
0.0 0.0 0.0

1550047569
0.0 0.0 0.0

