1550047555
8014744 3704276 1481440 1161612 8000508 8000508

1550047556
8014744 3621588 1481700 1165620 8000508 8000508

1550047556
8014744 3621588 1481700 1165620 8000508 8000508

1550047557
8014744 3628624 1481700 1158508 8000508 8000508

1550047557
8014744 3628624 1481700 1158508 8000508 8000508

1550047558
8014744 3618644 1481700 1169068 8000508 8000508

1550047558
8014744 3618644 1481700 1169068 8000508 8000508

1550047559
8014744 3619268 1481700 1168544 8000508 8000508

1550047559
8014744 3619268 1481700 1168544 8000508 8000508

1550047560
8014744 3618952 1481708 1168788 8000508 8000508

1550047560
8014744 3618952 1481708 1168788 8000508 8000508

1550047561
8014744 3618552 1481716 1169036 8000508 8000508

1550047561
8014744 3618552 1481716 1169036 8000508 8000508

1550047562
8014744 3618428 1481716 1169144 8000508 8000508

1550047562
8014744 3618428 1481716 1169144 8000508 8000508

1550047563
8014744 3618400 1481716 1169384 8000508 8000508

1550047563
8014744 3618400 1481716 1169384 8000508 8000508

1550047564
8014744 3623732 1481716 1163504 8000508 8000508

1550047564
8014744 3623732 1481716 1163504 8000508 8000508

1550047565
8014744 3622492 1481716 1164632 8000508 8000508

1550047565
8014744 3622492 1481716 1164632 8000508 8000508

1550047566
8014744 3642220 1481724 1164780 8000508 8000508

1550047566
8014744 3638360 1481816 1166256 8000508 8000508

1550047566
8014744 3624860 1481816 1166296 8000508 8000508

1550047566
8014744 3624612 1481816 1166296 8000508 8000508

1550047566
8014744 3638432 1481832 1166280 8000508 8000508

1550047566
8014744 3640188 1481836 1166300 8000508 8000508

1550047567
8014744 3617432 1481856 1167016 8000508 8000508

1550047567
8014744 3617432 1481856 1167016 8000508 8000508

1550047567
8014744 3638364 1481860 1167048 8000508 8000508

1550047568
8014744 3636844 1481920 1168004 8000508 8000508

1550047568
8014744 3635896 1482040 1168536 8000508 8000508

1550047568
8014744 3618568 1482048 1168652 8000508 8000508

1550047568
8014744 3618568 1482048 1168652 8000508 8000508

1550047569
8014744 3634012 1482204 1169256 8000508 8000508

1550047569
8014744 3634652 1482256 1169248 8000508 8000508

1550047569
8014744 3634612 1482256 1169396 8000508 8000508

1550047569
8014744 3635296 1482260 1169396 8000508 8000508

1550047569
8014744 3634216 1482324 1169500 8000508 8000508

1550047569
8014744 3631000 1482428 1169808 8000508 8000508

1550047569
8014744 3610548 1482460 1170056 8000508 8000508

1550047569
8014744 3610548 1482460 1170056 8000508 8000508

1550047571
8014744 3813484 1482460 1172944 8000508 8000508

